{"level":"info","message":"Snooper version 1.20.1","service":"snooper","timestamp":"Wed, 27 Sep 2023 22:39:18 GMT"}
{"level":"info","message":"Snooper discovery completed","service":"snooper","timestamp":"Wed, 27 Sep 2023 22:39:18 GMT"}
{"level":"info","message":"Snooper version 1.20.1","service":"snooper","timestamp":"Wed, 27 Sep 2023 22:39:18 GMT"}
{"level":"info","message":"Discovering feature files","service":"snooper","timestamp":"Wed, 27 Sep 2023 22:39:18 GMT"}
{"level":"info","message":"framework java","service":"snooper","timestamp":"Wed, 27 Sep 2023 22:39:18 GMT"}
{"level":"info","message":"extracting fetures","service":"snooper","timestamp":"Wed, 27 Sep 2023 22:39:18 GMT"}
{"level":"info","message":"Snooper discovery completed","service":"snooper","timestamp":"Wed, 27 Sep 2023 22:39:18 GMT"}
{"level":"info","message":"Snooper version 1.20.1","service":"snooper","timestamp":"Wed, 27 Sep 2023 22:40:46 GMT"}
{"level":"info","message":"Snooper discovery completed","service":"snooper","timestamp":"Wed, 27 Sep 2023 22:40:46 GMT"}
{"level":"info","message":"Snooper version 1.20.1","service":"snooper","timestamp":"Wed, 27 Sep 2023 22:40:46 GMT"}
{"level":"info","message":"Discovering feature files","service":"snooper","timestamp":"Wed, 27 Sep 2023 22:40:46 GMT"}
{"level":"info","message":"framework java","service":"snooper","timestamp":"Wed, 27 Sep 2023 22:40:46 GMT"}
{"level":"info","message":"extracting fetures","service":"snooper","timestamp":"Wed, 27 Sep 2023 22:40:46 GMT"}
{"level":"info","message":"Snooper discovery completed","service":"snooper","timestamp":"Wed, 27 Sep 2023 22:40:46 GMT"}
{"level":"info","message":"Snooper version 1.20.1","service":"snooper","timestamp":"Wed, 27 Sep 2023 22:40:56 GMT"}
{"level":"info","message":"Snooper discovery completed","service":"snooper","timestamp":"Wed, 27 Sep 2023 22:40:56 GMT"}
{"level":"info","message":"Snooper version 1.20.1","service":"snooper","timestamp":"Wed, 27 Sep 2023 22:40:57 GMT"}
{"level":"info","message":"Discovering feature files","service":"snooper","timestamp":"Wed, 27 Sep 2023 22:40:57 GMT"}
{"level":"info","message":"framework java","service":"snooper","timestamp":"Wed, 27 Sep 2023 22:40:57 GMT"}
{"level":"info","message":"extracting fetures","service":"snooper","timestamp":"Wed, 27 Sep 2023 22:40:57 GMT"}
{"level":"info","message":"Snooper discovery completed","service":"snooper","timestamp":"Wed, 27 Sep 2023 22:40:57 GMT"}
